2018-05-14 13:04:50,820 INFO: filekey:,rawfilepath process:/Users/zhenjietang/Downloads/Image_compare/.DS_Store
2018-05-14 13:04:51,351 INFO: filekey:xiao_chenxu,rawfilepath process:/Users/zhenjietang/Downloads/Image_compare/xiao_chenxu.jpg
2018-05-14 13:04:52,030 INFO: filekey:一起秀,rawfilepath process:/Users/zhenjietang/Downloads/Image_compare/一起秀.jpg
2018-05-14 13:04:52,511 INFO: filekey:xiao_chenxu2,rawfilepath process:/Users/zhenjietang/Downloads/Image_compare/xiao_chenxu2.png
2018-05-14 13:04:52,858 INFO: filekey:110411,rawfilepath process:/Users/zhenjietang/Downloads/Image_compare/validate2false/110411.jpeg
2018-05-14 13:04:53,072 INFO: filekey:100169_compare,rawfilepath process:/Users/zhenjietang/Downloads/Image_compare/validate2false/100169_compare.jpeg
2018-05-14 13:04:53,261 INFO: filekey:108536_compare,rawfilepath process:/Users/zhenjietang/Downloads/Image_compare/validate2false/108536_compare.jpeg
2018-05-14 13:04:53,487 INFO: filekey:102355,rawfilepath process:/Users/zhenjietang/Downloads/Image_compare/validate2false/102355.jpeg
2018-05-14 13:04:53,684 INFO: filekey:107353_compare,rawfilepath process:/Users/zhenjietang/Downloads/Image_compare/validate2false/107353_compare.jpeg
2018-05-14 13:04:53,876 INFO: filekey:101194,rawfilepath process:/Users/zhenjietang/Downloads/Image_compare/validate2false/101194.bmp
2018-05-14 13:04:54,211 INFO: filekey:101491_compare,rawfilepath process:/Users/zhenjietang/Downloads/Image_compare/validate2false/101491_compare.jpeg
2018-05-14 13:04:54,413 INFO: filekey:105488_compare,rawfilepath process:/Users/zhenjietang/Downloads/Image_compare/validate2false/105488_compare.png
2018-05-14 13:04:54,628 INFO: filekey:103143,rawfilepath process:/Users/zhenjietang/Downloads/Image_compare/validate2false/103143.jpeg
2018-05-14 13:04:54,811 INFO: filekey:109480,rawfilepath process:/Users/zhenjietang/Downloads/Image_compare/validate2false/109480.bmp
2018-05-14 13:04:54,990 INFO: filekey:100371_compare,rawfilepath process:/Users/zhenjietang/Downloads/Image_compare/validate2false/100371_compare.jpeg
2018-05-14 13:04:55,190 INFO: filekey:103191,rawfilepath process:/Users/zhenjietang/Downloads/Image_compare/validate2false/103191.bmp
2018-05-14 13:04:55,403 INFO: filekey:103146,rawfilepath process:/Users/zhenjietang/Downloads/Image_compare/validate2false/103146.bmp
2018-05-14 13:04:55,616 INFO: filekey:109558_compare,rawfilepath process:/Users/zhenjietang/Downloads/Image_compare/validate2false/109558_compare.jpeg
2018-05-14 13:04:55,820 INFO: filekey:102066,rawfilepath process:/Users/zhenjietang/Downloads/Image_compare/validate2false/102066.bmp
2018-05-14 13:04:56,013 INFO: filekey:105193,rawfilepath process:/Users/zhenjietang/Downloads/Image_compare/validate2false/105193.jpeg
2018-05-14 13:04:56,222 INFO: filekey:100201_compare,rawfilepath process:/Users/zhenjietang/Downloads/Image_compare/validate2false/100201_compare.jpeg
2018-05-14 13:04:56,426 INFO: filekey:110558_compare,rawfilepath process:/Users/zhenjietang/Downloads/Image_compare/validate2false/110558_compare.jpeg
2018-05-14 13:04:56,626 INFO: filekey:100169,rawfilepath process:/Users/zhenjietang/Downloads/Image_compare/validate2false/100169.jpeg
2018-05-14 13:04:56,808 INFO: filekey:102067,rawfilepath process:/Users/zhenjietang/Downloads/Image_compare/validate2false/102067.bmp
2018-05-14 13:04:57,022 INFO: filekey:106165_compare,rawfilepath process:/Users/zhenjietang/Downloads/Image_compare/validate2false/106165_compare.jpeg
2018-05-14 13:04:57,210 INFO: filekey:108524_compare,rawfilepath process:/Users/zhenjietang/Downloads/Image_compare/validate2false/108524_compare.jpeg
2018-05-14 13:04:57,510 INFO: filekey:102292,rawfilepath process:/Users/zhenjietang/Downloads/Image_compare/validate2false/102292.jpeg
2018-05-14 13:04:57,732 INFO: filekey:109153_compare,rawfilepath process:/Users/zhenjietang/Downloads/Image_compare/validate2false/109153_compare.jpeg
2018-05-14 13:04:57,965 INFO: filekey:103143_compare,rawfilepath process:/Users/zhenjietang/Downloads/Image_compare/validate2false/103143_compare.jpeg
2018-05-14 13:04:58,217 INFO: filekey:109456,rawfilepath process:/Users/zhenjietang/Downloads/Image_compare/validate2false/109456.bmp
2018-05-14 13:04:58,417 INFO: filekey:100314,rawfilepath process:/Users/zhenjietang/Downloads/Image_compare/validate2false/100314.bmp
2018-05-14 13:04:58,653 INFO: filekey:106005,rawfilepath process:/Users/zhenjietang/Downloads/Image_compare/validate2false/106005.jpeg
2018-05-14 13:04:58,852 INFO: filekey:110359_compare,rawfilepath process:/Users/zhenjietang/Downloads/Image_compare/validate2false/110359_compare.jpeg
2018-05-14 13:04:59,057 INFO: filekey:108571_compare,rawfilepath process:/Users/zhenjietang/Downloads/Image_compare/validate2false/108571_compare.png
2018-05-14 13:04:59,259 INFO: filekey:109173,rawfilepath process:/Users/zhenjietang/Downloads/Image_compare/validate2false/109173.jpeg
2018-05-14 13:04:59,490 INFO: filekey:106376_compare,rawfilepath process:/Users/zhenjietang/Downloads/Image_compare/validate2false/106376_compare.png
2018-05-14 13:04:59,703 INFO: filekey:106040_compare,rawfilepath process:/Users/zhenjietang/Downloads/Image_compare/validate2false/106040_compare.jpeg
2018-05-14 13:04:59,912 INFO: filekey:108332,rawfilepath process:/Users/zhenjietang/Downloads/Image_compare/validate2false/108332.jpeg
2018-05-14 13:05:00,136 INFO: filekey:102245_compare,rawfilepath process:/Users/zhenjietang/Downloads/Image_compare/validate2false/102245_compare.jpeg
2018-05-14 13:05:00,341 INFO: filekey:109495,rawfilepath process:/Users/zhenjietang/Downloads/Image_compare/validate2false/109495.bmp
2018-05-14 13:05:00,567 INFO: filekey:106269,rawfilepath process:/Users/zhenjietang/Downloads/Image_compare/validate2false/106269.jpeg
2018-05-14 13:05:00,794 INFO: filekey:105324,rawfilepath process:/Users/zhenjietang/Downloads/Image_compare/validate2false/105324.bmp
2018-05-14 13:05:01,027 INFO: filekey:110344,rawfilepath process:/Users/zhenjietang/Downloads/Image_compare/validate2false/110344.jpeg
2018-05-14 13:05:01,210 INFO: filekey:100062,rawfilepath process:/Users/zhenjietang/Downloads/Image_compare/validate2false/100062.bmp
2018-05-14 13:05:01,411 INFO: filekey:103286_compare,rawfilepath process:/Users/zhenjietang/Downloads/Image_compare/validate2false/103286_compare.jpeg
2018-05-14 13:05:01,605 INFO: filekey:105434_compare,rawfilepath process:/Users/zhenjietang/Downloads/Image_compare/validate2false/105434_compare.jpeg
2018-05-14 13:05:01,806 INFO: filekey:105118,rawfilepath process:/Users/zhenjietang/Downloads/Image_compare/validate2false/105118.bmp
2018-05-14 13:05:01,999 INFO: filekey:102111,rawfilepath process:/Users/zhenjietang/Downloads/Image_compare/validate2false/102111.bmp
2018-05-14 13:05:02,197 INFO: filekey:109044,rawfilepath process:/Users/zhenjietang/Downloads/Image_compare/validate2false/109044.bmp
2018-05-14 13:05:02,378 INFO: filekey:106033,rawfilepath process:/Users/zhenjietang/Downloads/Image_compare/validate2false/106033.jpeg
2018-05-14 13:05:02,564 INFO: filekey:103233,rawfilepath process:/Users/zhenjietang/Downloads/Image_compare/validate2false/103233.bmp
2018-05-14 13:05:02,787 INFO: filekey:107337,rawfilepath process:/Users/zhenjietang/Downloads/Image_compare/validate2false/107337.jpeg
2018-05-14 13:05:02,997 INFO: filekey:100048,rawfilepath process:/Users/zhenjietang/Downloads/Image_compare/validate2false/100048.bmp
2018-05-14 13:05:03,201 INFO: filekey:105130,rawfilepath process:/Users/zhenjietang/Downloads/Image_compare/validate2false/105130.bmp
2018-05-14 13:05:03,388 INFO: filekey:108216,rawfilepath process:/Users/zhenjietang/Downloads/Image_compare/validate2false/108216.jpeg
2018-05-14 13:05:03,616 INFO: filekey:101172,rawfilepath process:/Users/zhenjietang/Downloads/Image_compare/validate2false/101172.jpeg
2018-05-14 13:05:03,824 INFO: filekey:104381_compare,rawfilepath process:/Users/zhenjietang/Downloads/Image_compare/validate2false/104381_compare.png
2018-05-14 13:05:04,061 INFO: filekey:104295_compare,rawfilepath process:/Users/zhenjietang/Downloads/Image_compare/validate2false/104295_compare.jpeg
2018-05-14 13:05:04,287 INFO: filekey:109385_compare,rawfilepath process:/Users/zhenjietang/Downloads/Image_compare/validate2false/109385_compare.jpeg
2018-05-14 13:05:04,517 INFO: filekey:109332,rawfilepath process:/Users/zhenjietang/Downloads/Image_compare/validate2false/109332.bmp
2018-05-14 13:05:04,715 INFO: filekey:102267,rawfilepath process:/Users/zhenjietang/Downloads/Image_compare/validate2false/102267.bmp
2018-05-14 13:05:04,908 INFO: filekey:106588,rawfilepath process:/Users/zhenjietang/Downloads/Image_compare/validate2false/106588.jpeg
2018-05-14 13:05:05,182 INFO: filekey:107376,rawfilepath process:/Users/zhenjietang/Downloads/Image_compare/validate2false/107376.jpeg
2018-05-14 13:05:05,398 INFO: filekey:105373_compare,rawfilepath process:/Users/zhenjietang/Downloads/Image_compare/validate2false/105373_compare.jpeg
2018-05-14 13:05:05,637 INFO: filekey:105256_compare,rawfilepath process:/Users/zhenjietang/Downloads/Image_compare/validate2false/105256_compare.jpeg
2018-05-14 13:05:05,898 INFO: filekey:109153,rawfilepath process:/Users/zhenjietang/Downloads/Image_compare/validate2false/109153.jpeg
2018-05-14 13:05:06,103 INFO: filekey:106269_compare,rawfilepath process:/Users/zhenjietang/Downloads/Image_compare/validate2false/106269_compare.jpeg
2018-05-14 13:05:06,306 INFO: filekey:102395,rawfilepath process:/Users/zhenjietang/Downloads/Image_compare/validate2false/102395.png
2018-05-14 13:05:06,526 INFO: filekey:108191,rawfilepath process:/Users/zhenjietang/Downloads/Image_compare/validate2false/108191.jpeg
2018-05-14 13:05:06,762 INFO: filekey:103421,rawfilepath process:/Users/zhenjietang/Downloads/Image_compare/validate2false/103421.bmp
2018-05-14 13:05:07,009 INFO: filekey:110448,rawfilepath process:/Users/zhenjietang/Downloads/Image_compare/validate2false/110448.bmp
2018-05-14 13:05:07,250 INFO: filekey:102058,rawfilepath process:/Users/zhenjietang/Downloads/Image_compare/validate2false/102058.bmp
2018-05-14 13:05:07,464 INFO: filekey:105193_compare,rawfilepath process:/Users/zhenjietang/Downloads/Image_compare/validate2false/105193_compare.png
2018-05-14 13:05:07,662 INFO: filekey:104415,rawfilepath process:/Users/zhenjietang/Downloads/Image_compare/validate2false/104415.bmp
2018-05-14 13:05:07,877 INFO: filekey:107337_compare,rawfilepath process:/Users/zhenjietang/Downloads/Image_compare/validate2false/107337_compare.jpeg
2018-05-14 13:05:08,106 INFO: filekey:109789_compare,rawfilepath process:/Users/zhenjietang/Downloads/Image_compare/validate2false/109789_compare.jpeg
2018-05-14 13:05:08,344 INFO: filekey:108040,rawfilepath process:/Users/zhenjietang/Downloads/Image_compare/validate2false/108040.jpeg
2018-05-14 13:05:08,568 INFO: filekey:110385_compare,rawfilepath process:/Users/zhenjietang/Downloads/Image_compare/validate2false/110385_compare.jpeg
2018-05-14 13:05:08,801 INFO: filekey:105535,rawfilepath process:/Users/zhenjietang/Downloads/Image_compare/validate2false/105535.bmp
2018-05-14 13:05:09,016 INFO: filekey:108017,rawfilepath process:/Users/zhenjietang/Downloads/Image_compare/validate2false/108017.jpeg
2018-05-14 13:05:09,230 INFO: filekey:104464,rawfilepath process:/Users/zhenjietang/Downloads/Image_compare/validate2false/104464.jpeg
2018-05-14 13:05:09,461 INFO: filekey:109591_compare,rawfilepath process:/Users/zhenjietang/Downloads/Image_compare/validate2false/109591_compare.jpeg
2018-05-14 13:05:09,723 INFO: filekey:105441,rawfilepath process:/Users/zhenjietang/Downloads/Image_compare/validate2false/105441.bmp
2018-05-14 13:05:09,963 INFO: filekey:107518,rawfilepath process:/Users/zhenjietang/Downloads/Image_compare/validate2false/107518.bmp
2018-05-14 13:05:10,245 INFO: filekey:105410_compare,rawfilepath process:/Users/zhenjietang/Downloads/Image_compare/validate2false/105410_compare.jpeg
2018-05-14 13:05:10,482 INFO: filekey:109226_compare,rawfilepath process:/Users/zhenjietang/Downloads/Image_compare/validate2false/109226_compare.png
2018-05-14 13:05:10,695 INFO: filekey:102079_compare,rawfilepath process:/Users/zhenjietang/Downloads/Image_compare/validate2false/102079_compare.jpeg
2018-05-14 13:05:10,903 INFO: filekey:108144,rawfilepath process:/Users/zhenjietang/Downloads/Image_compare/validate2false/108144.jpeg
2018-05-14 13:05:11,125 INFO: filekey:102549,rawfilepath process:/Users/zhenjietang/Downloads/Image_compare/validate2false/102549.jpeg
2018-05-14 13:05:11,320 INFO: filekey:109305,rawfilepath process:/Users/zhenjietang/Downloads/Image_compare/validate2false/109305.jpeg
2018-05-14 13:05:11,529 INFO: filekey:105567_compare,rawfilepath process:/Users/zhenjietang/Downloads/Image_compare/validate2false/105567_compare.jpeg
2018-05-14 13:05:11,748 INFO: filekey:101220,rawfilepath process:/Users/zhenjietang/Downloads/Image_compare/validate2false/101220.jpeg
2018-05-14 13:05:11,976 INFO: filekey:109596_compare,rawfilepath process:/Users/zhenjietang/Downloads/Image_compare/validate2false/109596_compare.jpeg
2018-05-14 13:05:12,196 INFO: filekey:103232,rawfilepath process:/Users/zhenjietang/Downloads/Image_compare/validate2false/103232.bmp
2018-05-14 13:05:12,430 INFO: filekey:105408,rawfilepath process:/Users/zhenjietang/Downloads/Image_compare/validate2false/105408.jpeg
2018-05-14 13:05:12,664 INFO: filekey:106376,rawfilepath process:/Users/zhenjietang/Downloads/Image_compare/validate2false/106376.bmp
2018-05-14 13:05:12,890 INFO: filekey:108690_compare,rawfilepath process:/Users/zhenjietang/Downloads/Image_compare/validate2false/108690_compare.jpeg
2018-05-14 13:05:13,117 INFO: filekey:110299,rawfilepath process:/Users/zhenjietang/Downloads/Image_compare/validate2false/110299.bmp
2018-05-14 13:05:13,362 INFO: filekey:106284_compare,rawfilepath process:/Users/zhenjietang/Downloads/Image_compare/validate2false/106284_compare.jpeg
2018-05-14 13:05:13,601 INFO: filekey:105535_compare,rawfilepath process:/Users/zhenjietang/Downloads/Image_compare/validate2false/105535_compare.jpeg
2018-05-14 13:05:13,873 INFO: filekey:110162_compare,rawfilepath process:/Users/zhenjietang/Downloads/Image_compare/validate2false/110162_compare.jpeg
2018-05-14 13:05:14,141 INFO: filekey:108398,rawfilepath process:/Users/zhenjietang/Downloads/Image_compare/validate2false/108398.bmp
2018-05-14 13:05:14,383 INFO: filekey:101299,rawfilepath process:/Users/zhenjietang/Downloads/Image_compare/validate2false/101299.jpeg
2018-05-14 13:05:14,645 INFO: filekey:108057,rawfilepath process:/Users/zhenjietang/Downloads/Image_compare/validate2false/108057.jpeg
2018-05-14 13:05:14,843 INFO: filekey:106360,rawfilepath process:/Users/zhenjietang/Downloads/Image_compare/validate2false/106360.jpeg
2018-05-14 13:05:15,073 INFO: filekey:106163_compare,rawfilepath process:/Users/zhenjietang/Downloads/Image_compare/validate2false/106163_compare.jpeg
2018-05-14 13:05:15,275 INFO: filekey:106136_compare,rawfilepath process:/Users/zhenjietang/Downloads/Image_compare/validate2false/106136_compare.jpeg
2018-05-14 13:05:15,508 INFO: filekey:107513_compare,rawfilepath process:/Users/zhenjietang/Downloads/Image_compare/validate2false/107513_compare.jpeg
2018-05-14 13:05:15,739 INFO: filekey:109689_compare,rawfilepath process:/Users/zhenjietang/Downloads/Image_compare/validate2false/109689_compare.jpeg
2018-05-14 13:05:15,948 INFO: filekey:107440,rawfilepath process:/Users/zhenjietang/Downloads/Image_compare/validate2false/107440.bmp
2018-05-14 13:05:16,174 INFO: filekey:100413_compare,rawfilepath process:/Users/zhenjietang/Downloads/Image_compare/validate2false/100413_compare.jpeg
2018-05-14 13:05:16,394 INFO: filekey:105389,rawfilepath process:/Users/zhenjietang/Downloads/Image_compare/validate2false/105389.jpeg
2018-05-14 13:05:16,633 INFO: filekey:107118,rawfilepath process:/Users/zhenjietang/Downloads/Image_compare/validate2false/107118.bmp
2018-05-14 13:05:16,852 INFO: filekey:108191_compare,rawfilepath process:/Users/zhenjietang/Downloads/Image_compare/validate2false/108191_compare.jpeg
2018-05-14 13:05:17,085 INFO: filekey:109596,rawfilepath process:/Users/zhenjietang/Downloads/Image_compare/validate2false/109596.jpeg
2018-05-14 13:05:17,318 INFO: filekey:110268_compare,rawfilepath process:/Users/zhenjietang/Downloads/Image_compare/validate2false/110268_compare.jpeg
2018-05-14 13:05:17,529 INFO: filekey:106161,rawfilepath process:/Users/zhenjietang/Downloads/Image_compare/validate2false/106161.jpeg
2018-05-14 13:05:17,770 INFO: filekey:106531,rawfilepath process:/Users/zhenjietang/Downloads/Image_compare/validate2false/106531.jpeg
2018-05-14 13:05:18,001 INFO: filekey:108246_compare,rawfilepath process:/Users/zhenjietang/Downloads/Image_compare/validate2false/108246_compare.jpeg
2018-05-14 13:05:18,201 INFO: filekey:106136,rawfilepath process:/Users/zhenjietang/Downloads/Image_compare/validate2false/106136.jpeg
2018-05-14 13:05:18,425 INFO: filekey:102539,rawfilepath process:/Users/zhenjietang/Downloads/Image_compare/validate2false/102539.bmp
2018-05-14 13:05:18,643 INFO: filekey:105256,rawfilepath process:/Users/zhenjietang/Downloads/Image_compare/validate2false/105256.bmp
2018-05-14 13:05:18,864 INFO: filekey:101470,rawfilepath process:/Users/zhenjietang/Downloads/Image_compare/validate2false/101470.jpeg
2018-05-14 13:05:19,099 INFO: filekey:105063,rawfilepath process:/Users/zhenjietang/Downloads/Image_compare/validate2false/105063.jpeg
2018-05-14 13:05:19,305 INFO: filekey:103158,rawfilepath process:/Users/zhenjietang/Downloads/Image_compare/validate2false/103158.jpeg
2018-05-14 13:05:19,536 INFO: filekey:110277,rawfilepath process:/Users/zhenjietang/Downloads/Image_compare/validate2false/110277.jpeg
2018-05-14 13:05:19,747 INFO: filekey:107118_compare,rawfilepath process:/Users/zhenjietang/Downloads/Image_compare/validate2false/107118_compare.jpeg
2018-05-14 13:05:19,951 INFO: filekey:100070,rawfilepath process:/Users/zhenjietang/Downloads/Image_compare/validate2false/100070.bmp
2018-05-14 13:05:20,182 INFO: filekey:109044_compare,rawfilepath process:/Users/zhenjietang/Downloads/Image_compare/validate2false/109044_compare.png
2018-05-14 13:05:20,463 INFO: filekey:107440_compare,rawfilepath process:/Users/zhenjietang/Downloads/Image_compare/validate2false/107440_compare.jpeg
2018-05-14 13:05:20,722 INFO: filekey:100083_compare,rawfilepath process:/Users/zhenjietang/Downloads/Image_compare/validate2false/100083_compare.jpeg
2018-05-14 13:05:20,983 INFO: filekey:102267_compare,rawfilepath process:/Users/zhenjietang/Downloads/Image_compare/validate2false/102267_compare.jpeg
2018-05-14 13:05:21,245 INFO: filekey:103235,rawfilepath process:/Users/zhenjietang/Downloads/Image_compare/validate2false/103235.bmp
2018-05-14 13:05:21,474 INFO: filekey:109730,rawfilepath process:/Users/zhenjietang/Downloads/Image_compare/validate2false/109730.bmp
